\o Program:		@(#)$CDS: libManager version 6.1.7 - CAT35 12/07/2016 00:37 (sjfqos809) $
\o Sub version:		sub-version  s031 
\o Arguments:		-unmapped -mpssession virtuoso18221 -mpshost mseda01 
\o Working Directory:	mseda01:/edahome/course/2023CAD/2023CAD010/HW/HW4/Lab1
\o 64-bit offsets
\o Qt version: 		4.8.5
\o changeWorkingDir("/edahome/course/2023CAD/2023CAD010/HW/HW4/Lab1") unnecessary.
\o ddSetForcedLib("") unnecessary.
\o Log file is "/edahome/course/2023CAD/2023CAD010/HW/HW4/Lab1/libManager.log".
\o Opening libManager window.
\a nrSetWindowVisibility(cdsLibManager "show")
\o MPS service: map window
\o Library Manager customization server connected.
\a nrSetCurrentWindow(cdsLibManager)
\a nrResizeWindow(cdsLibManager list(8 31 1536 793))
\a cdsLibManager->libListBox->value = "PLL"
\a cdsLibManager->libLineEdit->value = "PLL"
\a cdsLibManager->cellListBox->value = "sin2plus"
\a cdsLibManager->cellLineEdit->value = "sin2plus"
\a cdsLibManager->cellListBox->value = "divider"
\a cdsLibManager->cellLineEdit->value = "divider"
\a cdsLibManager->cellListBox->value = "VCO"
\a cdsLibManager->cellLineEdit->value = "VCO"
\a cdsLibManager->cellListBox->value = "lab1"
\a cdsLibManager->cellLineEdit->value = "lab1"
\a cdsLibManager->viewListBox->value = "schematic"
\a cdsLibManager->viewLineEdit->value = "schematic"
\a cdsLibManager->cellListBox->value = "divider"
\a cdsLibManager->cellLineEdit->value = "divider"
\a cdsLibManager->viewLineEdit->value = ""
\a cdsLibManager->viewListBox->value = nil
\a cdsLibManager->cellListBox->value = "VCO"
\a cdsLibManager->cellLineEdit->value = "VCO"
\a cdsLibManager->cellListBox->value = "PFD"
\a cdsLibManager->cellLineEdit->value = "PFD"
\a cdsLibManager->cellListBox->value = "CP"
\a cdsLibManager->cellLineEdit->value = "CP"
\a cdsLibManager->cellListBox->value = "lab1"
\a cdsLibManager->cellLineEdit->value = "lab1"
\a cdsLibManager->viewListBox->value = "schematic"
\a cdsLibManager->viewLineEdit->value = "schematic"
\a nrSetCurrentWindow(cdsLibManager)
\a cdsLibManager->cellLineEdit->value = ""
\a cdsLibManager->cellListBox->value = nil
\a cdsLibManager->viewLineEdit->value = ""
\a cdsLibManager->viewListBox->value = nil
\a cdsLibManager->cellListBox->value = "lab1"
\a cdsLibManager->cellLineEdit->value = "lab1"
\a cdsLibManager->viewListBox->value = "schematic"
\a cdsLibManager->viewLineEdit->value = "schematic"
\a cdsLibManager->viewLineEdit->value = ""
\a cdsLibManager->viewListBox->value = nil
\o MPS request: edit design
\a nrListItemAction(cdsLibManager->cellListBox 4 0)
\a cdsLibManager->libListBox->value = nil
\a cdsLibManager->libLineEdit->value = ""
\a cdsLibManager->cellLineEdit->value = ""
\a cdsLibManager->cellListBox->value = nil
\a cdsLibManager->libListBox->value = "PLL"
\a cdsLibManager->libLineEdit->value = "PLL"
\a cdsLibManager->cellListBox->value = "lab1"
\a cdsLibManager->cellLineEdit->value = "lab1"
\a cdsLibManager->viewListBox->value = "schematic"
\a cdsLibManager->viewLineEdit->value = "schematic"
\a cdsLibManager->viewLineEdit->value = ""
\a cdsLibManager->viewListBox->value = nil
\a cdsLibManager->viewListBox->value = "schematic"
\a cdsLibManager->viewLineEdit->value = "schematic"
\a nrSetCurrentWindow(cdsLibManager)
\a nrSetCurrentWindow(cdsLibManager)
\a cdsLibManager->libListBox->value = nil
\a cdsLibManager->libLineEdit->value = ""
\a cdsLibManager->cellLineEdit->value = ""
\a cdsLibManager->viewLineEdit->value = ""
\a cdsLibManager->cellListBox->value = nil
\a cdsLibManager->viewListBox->value = nil
\a cdsLibManager->libListBox->value = "PLL"
\a cdsLibManager->libLineEdit->value = "PLL"
\a cdsLibManager->cellListBox->value = "lab1"
\a cdsLibManager->cellLineEdit->value = "lab1"
\a cdsLibManager->viewListBox->value = "schematic"
\a cdsLibManager->viewLineEdit->value = "schematic"
\a cdsLibManager->viewLineEdit->value = ""
\a cdsLibManager->viewListBox->value = nil
\a cdsLibManager->viewListBox->value = "schematic"
\a cdsLibManager->viewLineEdit->value = "schematic"
\a nrSetCurrentWindow(cdsLibManager)
\a nrSetCurrentWindow(cdsLibManager)
\a nrSetCurrentWindow(cdsLibManager)
\a cdsLibManager->libListBox->value = nil
\a cdsLibManager->libLineEdit->value = ""
\a cdsLibManager->cellLineEdit->value = ""
\a cdsLibManager->viewLineEdit->value = ""
\a cdsLibManager->cellListBox->value = nil
\a cdsLibManager->viewListBox->value = nil
\a cdsLibManager->libListBox->value = "PLL"
\a cdsLibManager->libLineEdit->value = "PLL"
\a cdsLibManager->cellListBox->value = "lab1"
\a cdsLibManager->cellLineEdit->value = "lab1"
\a cdsLibManager->viewListBox->value = "schematic"
\a cdsLibManager->viewLineEdit->value = "schematic"
\a cdsLibManager->viewLineEdit->value = ""
\a cdsLibManager->viewListBox->value = nil
\a cdsLibManager->viewListBox->value = "schematic"
\a cdsLibManager->viewLineEdit->value = "schematic"
\a cdsLibManager->libListBox->value = nil
\a cdsLibManager->libLineEdit->value = ""
\a cdsLibManager->cellLineEdit->value = ""
\a cdsLibManager->viewLineEdit->value = ""
\a cdsLibManager->cellListBox->value = nil
\a cdsLibManager->viewListBox->value = nil
\a cdsLibManager->libListBox->value = "PLL"
\a cdsLibManager->libLineEdit->value = "PLL"
\a cdsLibManager->cellListBox->value = "lab1"
\a cdsLibManager->cellLineEdit->value = "lab1"
\a cdsLibManager->viewListBox->value = "schematic"
\a cdsLibManager->viewLineEdit->value = "schematic"
\a cdsLibManager->viewLineEdit->value = ""
\a cdsLibManager->viewListBox->value = nil
\a cdsLibManager->viewListBox->value = "schematic"
\a cdsLibManager->viewLineEdit->value = "schematic"
\a cdsLibManager->libListBox->value = nil
\a cdsLibManager->libLineEdit->value = ""
\a cdsLibManager->cellLineEdit->value = ""
\a cdsLibManager->viewLineEdit->value = ""
\a cdsLibManager->cellListBox->value = nil
\a cdsLibManager->viewListBox->value = nil
\a cdsLibManager->libListBox->value = "PLL"
\a cdsLibManager->libLineEdit->value = "PLL"
\a cdsLibManager->cellListBox->value = "lab1"
\a cdsLibManager->cellLineEdit->value = "lab1"
\a cdsLibManager->viewListBox->value = "schematic"
\a cdsLibManager->viewLineEdit->value = "schematic"
\a cdsLibManager->viewLineEdit->value = ""
\a cdsLibManager->viewListBox->value = nil
\a cdsLibManager->viewListBox->value = "schematic"
\a cdsLibManager->viewLineEdit->value = "schematic"
\a nrSetCurrentWindow(cdsLibManager)
\a nrSetCurrentWindow(cdsLibManager)
\a nrResizeWindow(cdsLibManager list(0 0 1536 793))
\a nrSetCurrentWindow(cdsLibManager)
\a nrResizeWindow(cdsLibManager list(8 31 1536 793))
\a nrResizeWindow(cdsLibManager list(0 0 1536 793))
\a nrSetCurrentWindow(cdsLibManager)
\a nrResizeWindow(cdsLibManager list(8 31 1536 793))
\a nrSetCurrentWindow(cdsLibManager)
\a nrResizeWindow(cdsLibManager list(0 0 1536 793))
\a nrSetCurrentWindow(cdsLibManager)
\a nrResizeWindow(cdsLibManager list(8 31 1536 793))
\a nrSetCurrentWindow(cdsLibManager)
\a nrSetCurrentWindow(cdsLibManager)
\a cdsLibManager->cellListBox->value = "CP"
\a cdsLibManager->cellLineEdit->value = "CP"
\a cdsLibManager->viewLineEdit->value = ""
\a cdsLibManager->viewListBox->value = nil
\a cdsLibManager->cellLineEdit->value = ""
\a cdsLibManager->cellListBox->value = nil
\a cdsLibManager->cellListBox->value = "CP"
\a cdsLibManager->cellLineEdit->value = "CP"
\o MPS request: edit design
\a nrListItemAction(cdsLibManager->cellListBox 0 0)
\a cdsLibManager->libListBox->value = nil
\a cdsLibManager->libLineEdit->value = ""
\a cdsLibManager->cellLineEdit->value = ""
\a cdsLibManager->cellListBox->value = nil
\a cdsLibManager->libListBox->value = "PLL"
\a cdsLibManager->libLineEdit->value = "PLL"
\a cdsLibManager->cellListBox->value = "CP"
\a cdsLibManager->cellLineEdit->value = "CP"
\a nrSetCurrentWindow(cdsLibManager)
\a cdsLibManager->viewListBox->value = "veriloga"
\a cdsLibManager->viewLineEdit->value = "veriloga"
\a cdsLibManager->viewListBox->value = nil
\a cdsLibManager->viewLineEdit->value = ""
\a cdsLibManager->viewListBox->value = "veriloga"
\a cdsLibManager->viewLineEdit->value = "veriloga"
\o MPS request: edit design
\a nrListItemAction(cdsLibManager->gdmXTView 1 0)
\a nrSetCurrentWindow(cdsLibManager)
\a cdsLibManager->cellListBox->value = "LF"
\a cdsLibManager->cellLineEdit->value = "LF"
\a cdsLibManager->viewLineEdit->value = ""
\a cdsLibManager->viewListBox->value = nil
\a cdsLibManager->viewListBox->value = "schematic"
\a cdsLibManager->viewLineEdit->value = "schematic"
\a cdsLibManager->cellListBox->value = "PFD"
\a cdsLibManager->cellLineEdit->value = "PFD"
\a cdsLibManager->viewLineEdit->value = ""
\a cdsLibManager->viewListBox->value = nil
\a cdsLibManager->viewListBox->value = "veriloga"
\a cdsLibManager->viewLineEdit->value = "veriloga"
\o MPS request: edit design
\a nrListItemAction(cdsLibManager->gdmXTView 1 0)
\a nrSetCurrentWindow(cdsLibManager)
\a nrSetCurrentWindow(cdsLibManager)
\a cdsLibManager->libListBox->value = nil
\a cdsLibManager->libLineEdit->value = ""
\a cdsLibManager->cellLineEdit->value = ""
\a cdsLibManager->viewLineEdit->value = ""
\a cdsLibManager->cellListBox->value = nil
\a cdsLibManager->viewListBox->value = nil
\a cdsLibManager->libListBox->value = "PLL"
\a cdsLibManager->libLineEdit->value = "PLL"
\a cdsLibManager->cellListBox->value = "PFD"
\a cdsLibManager->cellLineEdit->value = "PFD"
\a cdsLibManager->viewListBox->value = "veriloga"
\a cdsLibManager->viewLineEdit->value = "veriloga"
\a cdsLibManager->viewLineEdit->value = ""
\a cdsLibManager->viewListBox->value = nil
\a cdsLibManager->viewListBox->value = "veriloga"
\a cdsLibManager->viewLineEdit->value = "veriloga"
\a cdsLibManager->libListBox->value = nil
\a cdsLibManager->libLineEdit->value = ""
\a cdsLibManager->cellLineEdit->value = ""
\a cdsLibManager->viewLineEdit->value = ""
\a cdsLibManager->cellListBox->value = nil
\a cdsLibManager->viewListBox->value = nil
\a cdsLibManager->libListBox->value = "PLL"
\a cdsLibManager->libLineEdit->value = "PLL"
\a cdsLibManager->cellListBox->value = "PFD"
\a cdsLibManager->cellLineEdit->value = "PFD"
\a cdsLibManager->viewListBox->value = "veriloga"
\a cdsLibManager->viewLineEdit->value = "veriloga"
\a cdsLibManager->viewLineEdit->value = ""
\a cdsLibManager->viewListBox->value = nil
\a cdsLibManager->viewListBox->value = "veriloga"
\a cdsLibManager->viewLineEdit->value = "veriloga"
\a cdsLibManager->libListBox->value = nil
\a cdsLibManager->libLineEdit->value = ""
\a cdsLibManager->cellLineEdit->value = ""
\a cdsLibManager->viewLineEdit->value = ""
\a cdsLibManager->cellListBox->value = nil
\a cdsLibManager->viewListBox->value = nil
\a cdsLibManager->libListBox->value = "PLL"
\a cdsLibManager->libLineEdit->value = "PLL"
\a cdsLibManager->cellListBox->value = "PFD"
\a cdsLibManager->cellLineEdit->value = "PFD"
\a cdsLibManager->viewListBox->value = "veriloga"
\a cdsLibManager->viewLineEdit->value = "veriloga"
\a cdsLibManager->viewLineEdit->value = ""
\a cdsLibManager->viewListBox->value = nil
\a cdsLibManager->viewListBox->value = "veriloga"
\a cdsLibManager->viewLineEdit->value = "veriloga"
\a cdsLibManager->libListBox->value = nil
\a cdsLibManager->libLineEdit->value = ""
\a cdsLibManager->cellLineEdit->value = ""
\a cdsLibManager->viewLineEdit->value = ""
\a cdsLibManager->cellListBox->value = nil
\a cdsLibManager->viewListBox->value = nil
\a cdsLibManager->libListBox->value = "PLL"
\a cdsLibManager->libLineEdit->value = "PLL"
\a cdsLibManager->cellListBox->value = "PFD"
\a cdsLibManager->cellLineEdit->value = "PFD"
\a cdsLibManager->viewListBox->value = "veriloga"
\a cdsLibManager->viewLineEdit->value = "veriloga"
\a cdsLibManager->viewLineEdit->value = ""
\a cdsLibManager->viewListBox->value = nil
\a cdsLibManager->viewListBox->value = "veriloga"
\a cdsLibManager->viewLineEdit->value = "veriloga"
\a cdsLibManager->libListBox->value = nil
\a cdsLibManager->libLineEdit->value = ""
\a cdsLibManager->cellLineEdit->value = ""
\a cdsLibManager->viewLineEdit->value = ""
\a cdsLibManager->cellListBox->value = nil
\a cdsLibManager->viewListBox->value = nil
\a cdsLibManager->libListBox->value = "PLL"
\a cdsLibManager->libLineEdit->value = "PLL"
\a cdsLibManager->cellListBox->value = "PFD"
\a cdsLibManager->cellLineEdit->value = "PFD"
\a cdsLibManager->viewListBox->value = "veriloga"
\a cdsLibManager->viewLineEdit->value = "veriloga"
\a cdsLibManager->viewLineEdit->value = ""
\a cdsLibManager->viewListBox->value = nil
\a cdsLibManager->viewListBox->value = "veriloga"
\a cdsLibManager->viewLineEdit->value = "veriloga"
\a nrSetCurrentWindow(cdsLibManager)
\a nrSetCurrentWindow(cdsLibManager)
\a nrSetCurrentWindow(cdsLibManager)
\a cdsLibManager->viewLineEdit->value = ""
\a cdsLibManager->viewListBox->value = nil
\a lmgrLogShowPopup("mainListPopup1" 18 49 2 "PFD")
\a cdsLibManager->editRenameButton->value = t
\a basicRenameForm->basicRenameFromEdit->value = "PFD"
\a nrSetWindowVisibility(basicRenameForm "show")
\a basicRenameForm->basicRenameToEdit->value = "PFD"
\a nrResizeWindow(basicRenameForm list(595 296 343 182))
\a nrSetCurrentWindow(basicRenameForm)
\a basicRenameForm->basicRenameToEdit->value = "pfd"
\a basicRenameForm->OK->value = t
\o View file /edahome/course/2023CAD/2023CAD010/HW/HW4/Lab1/PLL/PFD/symbol/symbol.oa is locked by 2023CAD010 at host mseda01
\o View file /edahome/course/2023CAD/2023CAD010/HW/HW4/Lab1/PLL/PFD/veriloga/veriloga.va is locked by 2023CAD010 at host mseda01
\o ERROR (CLM-223): Cell PLL/PFD has files that are locked or are checked out.\nCheck the "Messages" window for a list of which files are causing problem\nRename failed.
\a nrSetWindowVisibility(errorDialog "show")
\a nrSetCurrentWindow(cdsLibManager)
\a nrSetCurrentWindow(errorDialog)
\a nrResizeWindow(errorDialog list(533 320 467 134))
\a errorDialog->errorOkButton->value = t
\a nrSetCurrentWindow(cdsLibManager)
\a nrSetCurrentWindow(cdsLibManager)
\a cdsLibManager->cellListBox->value = "VCO"
\a cdsLibManager->cellLineEdit->value = "VCO"
\a cdsLibManager->viewListBox->value = "veriloga"
\a cdsLibManager->viewLineEdit->value = "veriloga"
\a cdsLibManager->cellListBox->value = "PFD"
\a cdsLibManager->cellLineEdit->value = "PFD"
\a cdsLibManager->viewLineEdit->value = ""
\a cdsLibManager->viewListBox->value = nil
\a cdsLibManager->viewListBox->value = "veriloga"
\a cdsLibManager->viewLineEdit->value = "veriloga"
\a cdsLibManager->cellListBox->value = "LF"
\a cdsLibManager->cellLineEdit->value = "LF"
\a cdsLibManager->viewLineEdit->value = ""
\a cdsLibManager->viewListBox->value = nil
\a cdsLibManager->viewListBox->value = "schematic"
\a cdsLibManager->viewLineEdit->value = "schematic"
\a nrResizeWindow(cdsLibManager list(0 0 1536 793))
\a nrResizeWindow(cdsLibManager list(8 31 1536 793))
\a nrSetCurrentWindow(cdsLibManager)
\a nrSetCurrentWindow(cdsLibManager)
\a nrSetCurrentWindow(cdsLibManager)
\a cdsLibManager->cellLineEdit->value = ""
\a cdsLibManager->cellListBox->value = nil
\a cdsLibManager->viewLineEdit->value = ""
\a cdsLibManager->viewListBox->value = nil
\a cdsLibManager->cellListBox->value = "CP"
\a cdsLibManager->cellLineEdit->value = "CP"
\a nrSetCurrentWindow(cdsLibManager)
\a lmgrLogShowPopup("mainListPopup1" 9 8 2 "CP")
\a cdsLibManager->editRenameButton->value = t
\a basicRenameForm->basicRenameFromEdit->value = "CP"
\a nrSetWindowVisibility(basicRenameForm "show")
\a basicRenameForm->basicRenameToEdit->value = "CP"
\a nrSetCurrentWindow(basicRenameForm)
\a basicRenameForm->basicRenameToEdit->value = "cp"
\a basicRenameForm->OK->value = t
\o Renaming Cell "CP" to "cp" in library "PLL".
\a nrSetWindowVisibility(workingDialogForm "show")
\a nrResizeWindow(workingDialogForm list(628 321 277 133))
\a nrSetCurrentWindow(workingDialogForm)
\a workingDialogForm->Close->value = t
\a nrSetCurrentWindow(cdsLibManager)
\o ERROR (CLM-219): Error during rename of Cell "CP" to "cp".\n\nCheck the message log for details.
\a nrSetWindowVisibility(errorDialog "show")
\a nrSetCurrentWindow(errorDialog)
\a nrResizeWindow(errorDialog list(622 320 288 134))
\a nrSetCurrentWindow(errorDialog)
\a errorDialog->errorOkButton->value = t
\a nrSetCurrentWindow(cdsLibManager)
\a cdsLibManager->libListBox->value = nil
\a cdsLibManager->libLineEdit->value = ""
\a cdsLibManager->cellLineEdit->value = ""
\a cdsLibManager->cellListBox->value = nil
\a cdsLibManager->libListBox->value = "PLL"
\a cdsLibManager->libLineEdit->value = "PLL"
\a cdsLibManager->cellListBox->value = "CP"
\a cdsLibManager->cellLineEdit->value = "CP"
\a cdsLibManager->cellListBox->value = "LF"
\a cdsLibManager->cellLineEdit->value = "LF"
\a cdsLibManager->viewListBox->value = "schematic"
\a cdsLibManager->viewLineEdit->value = "schematic"
\a cdsLibManager->viewLineEdit->value = ""
\a cdsLibManager->viewListBox->value = nil
\a lmgrLogShowPopup("mainListPopup1" 10 21 2 "LF")
\a cdsLibManager->editRenameButton->value = t
\a basicRenameForm->basicRenameFromEdit->value = "LF"
\a nrSetWindowVisibility(basicRenameForm "show")
\a basicRenameForm->basicRenameToEdit->value = "LF"
\a nrSetCurrentWindow(basicRenameForm)
\a nrSetCurrentWindow(cdsLibManager)
\a cdsLibManager->cellListBox->value = "PFD"
\a cdsLibManager->cellLineEdit->value = "PFD"
\a cdsLibManager->cellListBox->value = "LF"
\a cdsLibManager->cellLineEdit->value = "LF"
\a cdsLibManager->viewListBox->value = "schematic"
\a cdsLibManager->viewLineEdit->value = "schematic"
\a cdsLibManager->viewLineEdit->value = ""
\a cdsLibManager->viewListBox->value = nil
\a lmgrLogShowPopup("mainListPopup1" 24 28 2 "LF")
\a cdsLibManager->editDeleteButton->value = t
\a deleteForm->deleteBothRadioButton->value = t
\a deleteForm->deleteFilterEdit->value = "*"
\a deleteForm->notDeleteFilterEdit->value = "*"
\a nrSetWindowVisibility(deleteForm "show")
\a nrResizeWindow(deleteForm list(453 175 627 425))
\a nrSetCurrentWindow(deleteForm)
\a deleteForm->OK->value = t
\o QUESTION (CLM-199): The following 1 items are marked for deletion.  Are you sure?
\a nrSetWindowVisibility(mcMBXDLG "show")
\a nrResizeWindow(mcMBXDLG list(580 233 352 228))
\a nrSetCurrentWindow(mcMBXDLG)
\a mcMBXDLG->pushButton1->value = t
\o Deleting cell "LF" from library "PLL".
\a nrSetWindowVisibility(workingDialogForm "show")
\a nrSetCurrentWindow(deleteForm)
\a nrSetCurrentWindow(cdsLibManager)
\a nrResizeWindow(workingDialogForm list(628 321 277 133))
\o Deleted cell 'PLL/LF'.
\o Deletion of 1 cell done.
\a nrSetCurrentWindow(workingDialogForm)
\a nrSetCurrentWindow(cdsLibManager)
\a cdsLibManager->cellLineEdit->value = ""
\a cdsLibManager->libListBox->value = nil
\a cdsLibManager->libLineEdit->value = ""
\a cdsLibManager->cellListBox->value = nil
\a cdsLibManager->libListBox->value = "PLL"
\a cdsLibManager->libLineEdit->value = "PLL"
\a cdsLibManager->cellListBox->value = "CP"
\a cdsLibManager->cellLineEdit->value = "CP"
\a cdsLibManager->cellListBox->value = "PFD"
\a cdsLibManager->cellLineEdit->value = "PFD"
\a lmgrLogShowPopup("mainListPopup1" 56 30 2 "PFD")
\a cdsLibManager->cellListBox->value = "CP"
\a cdsLibManager->cellLineEdit->value = "CP"
\a lmgrLogShowPopup("mainListPopup1" 24 12 2 "CP")
\a cdsLibManager->editDeleteButton->value = t
\a nrSetWindowVisibility(deleteForm "show")
\a nrSetCurrentWindow(deleteForm)
\a deleteForm->OK->value = t
\o QUESTION (CLM-199): The following 3 items are marked for deletion.  Are you sure?
\a nrSetWindowVisibility(mcMBXDLG "show")
\a nrResizeWindow(mcMBXDLG list(580 233 352 228))
\a nrSetCurrentWindow(mcMBXDLG)
\a mcMBXDLG->pushButton2->value = t
\a nrSetCurrentWindow(deleteForm)
\a deleteForm->OK->value = t
\o QUESTION (CLM-199): The following 4 items are marked for deletion.  Are you sure?
\a nrSetWindowVisibility(mcMBXDLG "show")
\a nrResizeWindow(mcMBXDLG list(580 233 352 228))
\a nrSetCurrentWindow(mcMBXDLG)
\a mcMBXDLG->pushButton1->value = t
\o Deleting 4 cells from library "PLL".
\a nrSetWindowVisibility(workingDialogForm "show")
\o Deleting cell "CP".
\a nrSetCurrentWindow(deleteForm)
\a nrSetCurrentWindow(cdsLibManager)
\a nrResizeWindow(workingDialogForm list(628 321 277 133))
\o Deleted cell 'PLL/CP'.
\o Deleting cell "PFD".
\a nrSetCurrentWindow(workingDialogForm)
\a cdsLibManager->cellLineEdit->value = ""
\o Deleted cell 'PLL/PFD'.
\o Deleting cell "VCO".
\o Deleted cell 'PLL/VCO'.
\o Deleting cell "cp".
\o Deleted cell 'PLL/cp'.
\o Deletion of 4 cells done.
\a nrSetCurrentWindow(cdsLibManager)
\a cdsLibManager->libListBox->value = nil
\a cdsLibManager->libLineEdit->value = ""
\a cdsLibManager->cellListBox->value = nil
\a cdsLibManager->libListBox->value = "PLL"
\a cdsLibManager->libLineEdit->value = "PLL"
\a cdsLibManager->FileNewCVButton->value = t
\a nrSetCurrentWindow(cdsLibManager)
\a nrSetCurrentWindow(cdsLibManager)
\a nrSetCurrentWindow(cdsLibManager)
\a cdsLibManager->cellListBox->value = "cp"
\a cdsLibManager->cellLineEdit->value = "cp"
\a cdsLibManager->cellLineEdit->value = ""
\a cdsLibManager->cellListBox->value = nil
\a cdsLibManager->cellListBox->value = "cp"
\a cdsLibManager->cellLineEdit->value = "cp"
\o MPS request: edit design
\a nrListItemAction(cdsLibManager->cellListBox 0 0)
\a cdsLibManager->cellLineEdit->value = ""
\a cdsLibManager->cellListBox->value = nil
\a cdsLibManager->cellListBox->value = "cp"
\a cdsLibManager->cellLineEdit->value = "cp"
\o MPS request: edit design
\a nrListItemAction(cdsLibManager->cellListBox 0 0)
\a lmgrLogShowPopup("mainListPopup1" 29 10 2 "cp")
\a cdsLibManager->editDeleteButton->value = t
\a nrSetWindowVisibility(deleteForm "show")
\a nrSetCurrentWindow(deleteForm)
\a nrSetCurrentWindow(deleteForm)
\a nrSetCurrentWindow(cdsLibManager)
\a cdsLibManager->libListBox->value = nil
\a cdsLibManager->libLineEdit->value = ""
\a cdsLibManager->cellLineEdit->value = ""
\a cdsLibManager->cellListBox->value = nil
\a cdsLibManager->libListBox->value = "PLL"
\a cdsLibManager->libLineEdit->value = "PLL"
\a cdsLibManager->cellListBox->value = "cp"
\a cdsLibManager->cellLineEdit->value = "cp"
\a cdsLibManager->viewListBox->value = "veriloga"
\a cdsLibManager->viewLineEdit->value = "veriloga"
\a cdsLibManager->viewLineEdit->value = ""
\a cdsLibManager->viewListBox->value = nil
\a cdsLibManager->viewListBox->value = "veriloga"
\a cdsLibManager->viewLineEdit->value = "veriloga"
\a cdsLibManager->viewLineEdit->value = ""
\a cdsLibManager->viewListBox->value = nil
\a nrSetCurrentWindow(cdsLibManager)
\a nrSetCurrentWindow(cdsLibManager)
\a cdsLibManager->FileNewCVButton->value = t
\a nrSetCurrentWindow(cdsLibManager)
\a nrSetCurrentWindow(cdsLibManager)
\a cdsLibManager->FileNewCVButton->value = t
\a nrSetCurrentWindow(cdsLibManager)
\a nrSetCurrentWindow(cdsLibManager)
\a cdsLibManager->FileNewCVButton->value = t
\a nrSetCurrentWindow(cdsLibManager)
\a nrSetCurrentWindow(cdsLibManager)
\a cdsLibManager->cellListBox->value = "lab1"
\a cdsLibManager->cellLineEdit->value = "lab1"
\a cdsLibManager->viewListBox->value = "schematic"
\a cdsLibManager->viewLineEdit->value = "schematic"
\a nrSetCurrentWindow(cdsLibManager)
\a nrSetCurrentWindow(cdsLibManager)
\a cdsLibManager->viewListBox->value = nil
\a cdsLibManager->viewLineEdit->value = ""
\a cdsLibManager->viewListBox->value = "schematic"
\a cdsLibManager->viewLineEdit->value = "schematic"
\o MPS request: edit design
\a nrListItemAction(cdsLibManager->gdmXTView 0 0)
\a nrSetCurrentWindow(cdsLibManager)
\a nrSetCurrentWindow(cdsLibManager)
\o MPS service: shutdown
\o libManager is exiting.
\a nrSetWindowVisibility(cdsLibManager "hide")
\a exit(0)
\a basicRenameForm->basicRenameFromEdit->value = "foo"
