\o Program:		@(#)$CDS: libManager version 6.1.7 - CAT35 12/07/2016 00:37 (sjfqos809) $
\o Sub version:		sub-version  s031 
\o Arguments:		-unmapped -mpssession virtuoso18888 -mpshost mseda01 
\o Working Directory:	mseda01:/edahome/course/2023CAD/2023CAD010/HW/HW4/Lab3
\o 64-bit offsets
\o Qt version: 		4.8.5
\o changeWorkingDir("/edahome/course/2023CAD/2023CAD010/HW/HW4/Lab3") unnecessary.
\o ddSetForcedLib("") unnecessary.
\o Log file is "/edahome/course/2023CAD/2023CAD010/HW/HW4/Lab3/libManager.log".
\o Opening libManager window.
\a nrSetWindowVisibility(cdsLibManager "show")
\o MPS service: map window
\o Library Manager customization server connected.
\a nrSetCurrentWindow(cdsLibManager)
\a nrResizeWindow(cdsLibManager list(8 31 766 784))
\a cdsLibManager->libListBox->value = "ADC"
\a cdsLibManager->libLineEdit->value = "ADC"
\a nrSetCurrentWindow(cdsLibManager)
\a cdsLibManager->cellListBox->value = "adc"
\a cdsLibManager->cellLineEdit->value = "adc"
\a cdsLibManager->viewListBox->value = "config"
\a cdsLibManager->viewLineEdit->value = "config"
\o MPS request: edit design
\a nrListItemAction(cdsLibManager->gdmXTView 0 0)
\a nrSetCurrentWindow(cdsLibManager)
\a nrSetCurrentWindow(cdsLibManager)
\a cdsLibManager->cellListBox->value = "comparator"
\a cdsLibManager->cellLineEdit->value = "comparator"
\a cdsLibManager->viewLineEdit->value = ""
\a cdsLibManager->viewListBox->value = nil
\a cdsLibManager->cellListBox->value = "encoder"
\a cdsLibManager->cellLineEdit->value = "encoder"
\a cdsLibManager->cellListBox->value = "comparator"
\a cdsLibManager->cellLineEdit->value = "comparator"
\a nrSetCurrentWindow(cdsLibManager)
\a cdsLibManager->viewListBox->value = "verilogams"
\a cdsLibManager->viewLineEdit->value = "verilogams"
\a nrSetCurrentWindow(cdsLibManager)
\a nrSetCurrentWindow(cdsLibManager)
\a cdsLibManager->viewListBox->value = nil
\a cdsLibManager->viewLineEdit->value = ""
\a cdsLibManager->viewListBox->value = "verilogams"
\a cdsLibManager->viewLineEdit->value = "verilogams"
\o MPS request: edit design
\a nrListItemAction(cdsLibManager->gdmXTView 1 0)
\a nrSetCurrentWindow(cdsLibManager)
\a nrSetCurrentWindow(cdsLibManager)
\a nrSetCurrentWindow(cdsLibManager)
\a cdsLibManager->cellListBox->value = "encoder"
\a cdsLibManager->cellLineEdit->value = "encoder"
\a cdsLibManager->viewLineEdit->value = ""
\a cdsLibManager->viewListBox->value = nil
\a cdsLibManager->viewListBox->value = "verilogams"
\a cdsLibManager->viewLineEdit->value = "verilogams"
\a cdsLibManager->viewListBox->value = nil
\a cdsLibManager->viewLineEdit->value = ""
\a cdsLibManager->viewListBox->value = "verilogams"
\a cdsLibManager->viewLineEdit->value = "verilogams"
\o MPS request: edit design
\a nrListItemAction(cdsLibManager->gdmXTView 1 0)
\a nrSetCurrentWindow(cdsLibManager)
\a nrSetCurrentWindow(cdsLibManager)
\a nrSetCurrentWindow(cdsLibManager)
\a nrSetCurrentWindow(cdsLibManager)
\o MPS service: shutdown
\o libManager is exiting.
\a nrSetWindowVisibility(cdsLibManager "hide")
\a exit(0)
