\o Program:		@(#)$CDS: libManager version 6.1.7 - CAT35 12/07/2016 00:37 (sjfqos809) $
\o Sub version:		sub-version  s031 
\o Arguments:		-mpssession virtuoso26156 -mpshost mseda01 
\o Working Directory:	mseda01:/edahome/course/2023CAD/2023CAD010/HW/HW4/Lab2
\o 64-bit offsets
\o Qt version: 		4.8.5
\o Log file is "/edahome/course/2023CAD/2023CAD010/HW/HW4/Lab2/libManager.log".
\o Opening libManager window.
\a nrResizeWindow(cdsLibManager list(8 31 1536 793))
\a nrSetCurrentWindow(cdsLibManager)
\o changeWorkingDir("/edahome/course/2023CAD/2023CAD010/HW/HW4/Lab2") unnecessary.
\o ddSetForcedLib("") unnecessary.
\o MPS service: map window
\o Library Manager customization server connected.
\a cdsLibManager->fileLoadDefaultsButton->value = t
\a nrSetWindowVisibility(LoadDefaultEnvironment "show")
\a nrSetCurrentWindow(LoadDefaultEnvironment)
\a LoadDefaultEnvironment->QLineEdit2->value = "/edahome/course/2023CAD/2023CAD010/HW/HW4/Lab2/"
\a nrResizeWindow(LoadDefaultEnvironment list(533 243 467 288))
\a nrSetCurrentWindow(cdsLibManager)
\a cdsLibManager->libListBox->value = "PLL"
\a cdsLibManager->libLineEdit->value = "PLL"
\a cdsLibManager->FileNewCVButton->value = t
\a nrSetCurrentWindow(cdsLibManager)
\a nrResizeWindow(cdsLibManager list(8 31 1536 784))
\a nrSetCurrentWindow(cdsLibManager)
\a nrResizeWindow(cdsLibManager list(1 31 766 784))
\a nrSetCurrentWindow(cdsLibManager)
\a cdsLibManager->FileNewCVButton->value = t
\a nrSetCurrentWindow(cdsLibManager)
\a nrSetCurrentWindow(cdsLibManager)
\a cdsLibManager->libListBox->value = nil
\a cdsLibManager->libLineEdit->value = ""
\a cdsLibManager->libListBox->value = "PLL"
\a cdsLibManager->libLineEdit->value = "PLL"
\a nrSetCurrentWindow(cdsLibManager)
\a cdsLibManager->FileNewCVButton->value = t
\a nrSetCurrentWindow(cdsLibManager)
\a cdsLibManager->FileNewCVButton->value = t
\a nrSetCurrentWindow(cdsLibManager)
\a cdsLibManager->FileNewCVButton->value = t
\a nrSetCurrentWindow(cdsLibManager)
\a nrSetCurrentWindow(cdsLibManager)
\a cdsLibManager->FileNewCVButton->value = t
\a nrSetCurrentWindow(cdsLibManager)
\a nrSetCurrentWindow(cdsLibManager)
\a nrSetCurrentWindow(cdsLibManager)
\a cdsLibManager->cellListBox->value = "divider"
\a cdsLibManager->cellLineEdit->value = "divider"
\a nrSetCurrentWindow(cdsLibManager)
\a cdsLibManager->FileNewCVButton->value = t
\a nrSetCurrentWindow(cdsLibManager)
\a nrSetCurrentWindow(cdsLibManager)
\a nrSetCurrentWindow(cdsLibManager)
\a cdsLibManager->FileNewCVButton->value = t
\a nrSetCurrentWindow(cdsLibManager)
\a nrSetCurrentWindow(cdsLibManager)
\a nrSetCurrentWindow(cdsLibManager)
\a cdsLibManager->cellListBox->value = "pfd"
\a cdsLibManager->cellLineEdit->value = "pfd"
\a cdsLibManager->cellListBox->value = "sin2pulse"
\a cdsLibManager->cellLineEdit->value = "sin2pulse"
\a cdsLibManager->cellListBox->value = "vco"
\a cdsLibManager->cellLineEdit->value = "vco"
\a cdsLibManager->cellListBox->value = "testbench"
\a cdsLibManager->cellLineEdit->value = "testbench"
\a cdsLibManager->cellListBox->value = "sin2pulse"
\a cdsLibManager->cellLineEdit->value = "sin2pulse"
\a cdsLibManager->cellListBox->value = "pfd"
\a cdsLibManager->cellLineEdit->value = "pfd"
\a cdsLibManager->cellListBox->value = "divider"
\a cdsLibManager->cellLineEdit->value = "divider"
\a cdsLibManager->cellListBox->value = "cp"
\a cdsLibManager->cellLineEdit->value = "cp"
\a cdsLibManager->cellListBox->value = "LF"
\a cdsLibManager->cellLineEdit->value = "LF"
\a nrSetCurrentWindow(cdsLibManager)
\a cdsLibManager->FileNewCVButton->value = t
\a nrSetCurrentWindow(cdsLibManager)
\a nrSetCurrentWindow(cdsLibManager)
\a nrSetCurrentWindow(cdsLibManager)
\a cdsLibManager->cellListBox->value = "lab2"
\a cdsLibManager->cellLineEdit->value = "lab2"
\a lmgrLogShowPopup("mainListPopup1" 25 55 2 "lab2")
\a cdsLibManager->editRenameButton->value = t
\a basicRenameForm->basicRenameFromEdit->value = "lab2"
\a nrSetWindowVisibility(basicRenameForm "show")
\a basicRenameForm->basicRenameToEdit->value = "lab2"
\a nrResizeWindow(basicRenameForm list(203 292 343 182))
\a nrSetCurrentWindow(basicRenameForm)
\a basicRenameForm->basicRenameToEdit->value = "lab2"
\a nrSetCurrentWindow(cdsLibManager)
\a cdsLibManager->cellLineEdit->value = ""
\a cdsLibManager->cellListBox->value = nil
\a cdsLibManager->cellListBox->value = "lab2"
\a cdsLibManager->cellLineEdit->value = "lab2"
\o MPS request: edit design
\a nrListItemAction(cdsLibManager->cellListBox 3 0)
\a cdsLibManager->libListBox->value = nil
\a cdsLibManager->libLineEdit->value = ""
\a cdsLibManager->cellLineEdit->value = ""
\a cdsLibManager->cellListBox->value = nil
\a cdsLibManager->libListBox->value = "PLL"
\a cdsLibManager->libLineEdit->value = "PLL"
\a cdsLibManager->cellListBox->value = "lab2"
\a cdsLibManager->cellLineEdit->value = "lab2"
\a nrSetCurrentWindow(cdsLibManager)
\a lmgrLogShowPopup("mainListPopup1" 60 62 2 "lab2")
\a cdsLibManager->editPropertiesButton->value = t
\o MPS request: edit property
\a nrSetCurrentWindow(cdsLibManager)
\a lmgrLogShowPopup("mainListPopup1" 63 59 2 "lab2")
\a cdsLibManager->editDeleteButton->value = t
\a deleteForm->deleteBothRadioButton->value = t
\a deleteForm->deleteFilterEdit->value = "*"
\a deleteForm->notDeleteFilterEdit->value = "*"
\a nrSetWindowVisibility(deleteForm "show")
\a nrResizeWindow(deleteForm list(61 171 627 425))
\a nrSetCurrentWindow(deleteForm)
\a deleteForm->OK->value = t
\o QUESTION (CLM-199): The following 1 items are marked for deletion.  Are you sure?
\a nrSetWindowVisibility(mcMBXDLG "show")
\a nrResizeWindow(mcMBXDLG list(188 229 352 228))
\a nrSetCurrentWindow(mcMBXDLG)
\a mcMBXDLG->pushButton1->value = t
\o Deleting cell "lab2" from library "PLL".
\a nrSetWindowVisibility(workingDialogForm "show")
\a nrSetCurrentWindow(deleteForm)
\a nrSetCurrentWindow(cdsLibManager)
\a nrSetCurrentWindow(workingDialogForm)
\a nrResizeWindow(workingDialogForm list(236 317 277 133))
\o Deleted cell 'PLL/lab2'.
\o Deletion of 1 cell done.
\a workingDialogForm->Close->value = t
\a cdsLibManager->cellLineEdit->value = ""
\a cdsLibManager->libListBox->value = nil
\a cdsLibManager->libLineEdit->value = ""
\a cdsLibManager->cellListBox->value = nil
\a cdsLibManager->libListBox->value = "PLL"
\a cdsLibManager->libLineEdit->value = "PLL"
\a nrSetCurrentWindow(cdsLibManager)
\a cdsLibManager->FileNewCVButton->value = t
\a nrSetCurrentWindow(cdsLibManager)
\a nrSetCurrentWindow(cdsLibManager)
\a cdsLibManager->cellListBox->value = "lab2"
\a cdsLibManager->cellLineEdit->value = "lab2"
\a cdsLibManager->cellListBox->value = "divider"
\a cdsLibManager->cellLineEdit->value = "divider"
\a cdsLibManager->cellListBox->value = "lab2"
\a cdsLibManager->cellLineEdit->value = "lab2"
\a nrSetCurrentWindow(cdsLibManager)
\a lmgrLogShowPopup("mainListPopup1" 58 67 2 "lab2")
\a lmgrLogShowPopup("mainListPopup1" 47 64 2 "lab2")
\a cdsLibManager->FileNewCategory->value = t
\a editCategory->categoryNameEdit->value = "newCat"
\a nrSetWindowVisibility(editCategory "show")
\a nrSetCurrentWindow(cdsLibManager)
\a nrSetCurrentWindow(editCategory)
\a nrResizeWindow(editCategory list(142 158 465 511))
\a cdsLibManager->cellLineEdit->value = ""
\a nrSetCurrentWindow(editCategory)
\a nrSetCurrentWindow(cdsLibManager)
\a cdsLibManager->FileNewCVButton->value = t
\a nrSetCurrentWindow(cdsLibManager)
\a nrSetCurrentWindow(cdsLibManager)
\a cdsLibManager->cellListBox->value = "lab2"
\a cdsLibManager->cellLineEdit->value = "lab2"
\a cdsLibManager->viewListBox->value = "config"
\a cdsLibManager->viewLineEdit->value = "config"
\a nrSetCurrentWindow(cdsLibManager)
\a cdsLibManager->viewLineEdit->value = ""
\a cdsLibManager->viewListBox->value = nil
\a lmgrLogShowPopup("mainListPopup1" 5 62 2 "lab2")
\a cdsLibManager->editDeleteButton->value = t
\a nrSetWindowVisibility(deleteForm "show")
\a nrSetCurrentWindow(deleteForm)
\a deleteForm->OK->value = t
\o QUESTION (CLM-199): The following 1 items are marked for deletion.  Are you sure?
\a nrSetWindowVisibility(mcMBXDLG "show")
\a nrResizeWindow(mcMBXDLG list(188 229 352 228))
\a nrSetCurrentWindow(mcMBXDLG)
\a mcMBXDLG->pushButton1->value = t
\o Deleting cell "lab2" from library "PLL".
\a nrSetWindowVisibility(workingDialogForm "show")
\a nrSetCurrentWindow(deleteForm)
\a nrSetCurrentWindow(cdsLibManager)
\a nrSetCurrentWindow(workingDialogForm)
\a nrResizeWindow(workingDialogForm list(236 317 277 133))
\o Deleted cell 'PLL/lab2'.
\o Deletion of 1 cell done.
\a cdsLibManager->cellLineEdit->value = ""
\a cdsLibManager->libListBox->value = nil
\a cdsLibManager->libLineEdit->value = ""
\a cdsLibManager->cellListBox->value = nil
\a cdsLibManager->libListBox->value = "PLL"
\a cdsLibManager->libLineEdit->value = "PLL"
\a nrSetCurrentWindow(cdsLibManager)
\a cdsLibManager->FileNewCVButton->value = t
\a nrSetCurrentWindow(cdsLibManager)
\a nrSetCurrentWindow(cdsLibManager)
\a nrSetCurrentWindow(cdsLibManager)
\a cdsLibManager->FileNewCVButton->value = t
\a nrSetCurrentWindow(cdsLibManager)
\a nrSetCurrentWindow(cdsLibManager)
\a cdsLibManager->cellListBox->value = "lab2"
\a cdsLibManager->cellLineEdit->value = "lab2"
\a nrSetCurrentWindow(cdsLibManager)
\a cdsLibManager->cellListBox->value = "pfd"
\a cdsLibManager->cellLineEdit->value = "pfd"
\a cdsLibManager->cellListBox->value = "lab2"
\a cdsLibManager->cellLineEdit->value = "lab2"
\a cdsLibManager->viewListBox->value = "config"
\a cdsLibManager->viewLineEdit->value = "config"
\a cdsLibManager->cellListBox->value = "divider"
\a cdsLibManager->cellLineEdit->value = "divider"
\a cdsLibManager->viewLineEdit->value = ""
\a cdsLibManager->viewListBox->value = nil
\a cdsLibManager->cellListBox->value = "cp"
\a cdsLibManager->cellLineEdit->value = "cp"
\a cdsLibManager->cellLineEdit->value = ""
\a cdsLibManager->cellListBox->value = nil
\a cdsLibManager->cellListBox->value = "LF"
\a cdsLibManager->cellLineEdit->value = "LF"
\a cdsLibManager->cellListBox->value = "pfd"
\a cdsLibManager->cellLineEdit->value = "pfd"
\a cdsLibManager->cellListBox->value = "testbench"
\a cdsLibManager->cellLineEdit->value = "testbench"
\a cdsLibManager->cellListBox->value = "sin2pulse"
\a cdsLibManager->cellLineEdit->value = "sin2pulse"
\a cdsLibManager->cellListBox->value = "vco"
\a cdsLibManager->cellLineEdit->value = "vco"
\a cdsLibManager->cellListBox->value = "pfd"
\a cdsLibManager->cellLineEdit->value = "pfd"
\a cdsLibManager->cellListBox->value = "lab2"
\a cdsLibManager->cellLineEdit->value = "lab2"
\a cdsLibManager->viewListBox->value = "config"
\a cdsLibManager->viewLineEdit->value = "config"
\a cdsLibManager->FileNewCVButton->value = t
\a nrSetCurrentWindow(cdsLibManager)
\a nrSetCurrentWindow(cdsLibManager)
\a nrSetCurrentWindow(cdsLibManager)
\a cdsLibManager->cellListBox->value = "pfd"
\a cdsLibManager->cellLineEdit->value = "pfd"
\a cdsLibManager->viewLineEdit->value = ""
\a cdsLibManager->viewListBox->value = nil
\a cdsLibManager->cellListBox->value = "lab2"
\a cdsLibManager->cellLineEdit->value = "lab2"
\a cdsLibManager->viewListBox->value = "config"
\a cdsLibManager->viewLineEdit->value = "config"
\a nrSetCurrentWindow(cdsLibManager)
\a nrSetCurrentWindow(cdsLibManager)
\a nrSetCurrentWindow(cdsLibManager)
\o MPS service: shutdown
\o libManager is exiting.
\a nrSetWindowVisibility(cdsLibManager "hide")
\a exit(0)
\a basicRenameForm->basicRenameFromEdit->value = "foo"
