ncvlog(64): 15.20-s039: (c) Copyright 1995-2017 Cadence Design Systems, Inc.
TOOL:	ncvlog(64)	15.20-s039: Started on Dec 17, 2023 at 21:00:12 CST
ncvlog
    -use5x
    -SPECIFICUNIT comparator
    -zparse /tmp/vamsZpargl1753
    -NOWARN DLNOHV
    -work ADC
    -view verlogamstext
    -nostdout
    -logfile /edahome/course/2023CAD/2023CAD010/HW/HW4/Lab3/.cadence/dfII/TextSupport/Logs/Parser/verilogams/ADC/verlogamstext/compile0.log
    -messages
    -ams
    -cdslib /edahome/course/2023CAD/2023CAD010/HW/HW4/Lab3/cds.lib
    /edahome/course/2023CAD/2023CAD010/HW/HW4/Lab3/ADC/comparator/verlogamstext/verilog.vams

file: /edahome/course/2023CAD/2023CAD010/HW/HW4/Lab3/ADC/comparator/verlogamstext/verilog.vams
	module ADC.comparator:verlogamstext
		errors: 0, warnings: 0
	 writing out DPL output:
TOOL:	ncvlog(64)	15.20-s039: Exiting on Dec 17, 2023 at 21:00:12 CST  (total: 00:00:00)
